c:\users\hp\onedrive\desktop\freelancing\freelancer\selected projects\3. firmware for lpc1768\2. testing\visualgdb\local\lpc1768-gpio\embeddedproject11\visualgdb\debug\adc_17xx_40xx.o
c:\users\hp\onedrive\desktop\freelancing\freelancer\selected projects\3. firmware for lpc1768\2. testing\visualgdb\local\lpc1768-gpio\embeddedproject11\visualgdb\debug\can_17xx_40xx.o
c:\users\hp\onedrive\desktop\freelancing\freelancer\selected projects\3. firmware for lpc1768\2. testing\visualgdb\local\lpc1768-gpio\embeddedproject11\visualgdb\debug\chip_17xx_40xx.o
c:\users\hp\onedrive\desktop\freelancing\freelancer\selected projects\3. firmware for lpc1768\2. testing\visualgdb\local\lpc1768-gpio\embeddedproject11\visualgdb\debug\clock_17xx_40xx.o
c:\users\hp\onedrive\desktop\freelancing\freelancer\selected projects\3. firmware for lpc1768\2. testing\visualgdb\local\lpc1768-gpio\embeddedproject11\visualgdb\debug\cmp_17xx_40xx.o
c:\users\hp\onedrive\desktop\freelancing\freelancer\selected projects\3. firmware for lpc1768\2. testing\visualgdb\local\lpc1768-gpio\embeddedproject11\visualgdb\debug\crc_17xx_40xx.o
c:\users\hp\onedrive\desktop\freelancing\freelancer\selected projects\3. firmware for lpc1768\2. testing\visualgdb\local\lpc1768-gpio\embeddedproject11\visualgdb\debug\dac_17xx_40xx.o
c:\users\hp\onedrive\desktop\freelancing\freelancer\selected projects\3. firmware for lpc1768\2. testing\visualgdb\local\lpc1768-gpio\embeddedproject11\visualgdb\debug\eeprom.o
c:\users\hp\onedrive\desktop\freelancing\freelancer\selected projects\3. firmware for lpc1768\2. testing\visualgdb\local\lpc1768-gpio\embeddedproject11\visualgdb\debug\eeprom_17xx_40xx.o
c:\users\hp\onedrive\desktop\freelancing\freelancer\selected projects\3. firmware for lpc1768\2. testing\visualgdb\local\lpc1768-gpio\embeddedproject11\visualgdb\debug\emc_17xx_40xx.o
c:\users\hp\onedrive\desktop\freelancing\freelancer\selected projects\3. firmware for lpc1768\2. testing\visualgdb\local\lpc1768-gpio\embeddedproject11\visualgdb\debug\enet_17xx_40xx.o
c:\users\hp\onedrive\desktop\freelancing\freelancer\selected projects\3. firmware for lpc1768\2. testing\visualgdb\local\lpc1768-gpio\embeddedproject11\visualgdb\debug\fastsemihosting.o
c:\users\hp\onedrive\desktop\freelancing\freelancer\selected projects\3. firmware for lpc1768\2. testing\visualgdb\local\lpc1768-gpio\embeddedproject11\visualgdb\debug\fpu_init.o
c:\users\hp\onedrive\desktop\freelancing\freelancer\selected projects\3. firmware for lpc1768\2. testing\visualgdb\local\lpc1768-gpio\embeddedproject11\visualgdb\debug\gpdma_17xx_40xx.o
c:\users\hp\onedrive\desktop\freelancing\freelancer\selected projects\3. firmware for lpc1768\2. testing\visualgdb\local\lpc1768-gpio\embeddedproject11\visualgdb\debug\gpioint_17xx_40xx.o
c:\users\hp\onedrive\desktop\freelancing\freelancer\selected projects\3. firmware for lpc1768\2. testing\visualgdb\local\lpc1768-gpio\embeddedproject11\visualgdb\debug\gpio_17xx_40xx.o
c:\users\hp\onedrive\desktop\freelancing\freelancer\selected projects\3. firmware for lpc1768\2. testing\visualgdb\local\lpc1768-gpio\embeddedproject11\visualgdb\debug\i2c_17xx_40xx.o
c:\users\hp\onedrive\desktop\freelancing\freelancer\selected projects\3. firmware for lpc1768\2. testing\visualgdb\local\lpc1768-gpio\embeddedproject11\visualgdb\debug\i2s_17xx_40xx.o
c:\users\hp\onedrive\desktop\freelancing\freelancer\selected projects\3. firmware for lpc1768\2. testing\visualgdb\local\lpc1768-gpio\embeddedproject11\visualgdb\debug\iap.o
c:\users\hp\onedrive\desktop\freelancing\freelancer\selected projects\3. firmware for lpc1768\2. testing\visualgdb\local\lpc1768-gpio\embeddedproject11\visualgdb\debug\instrumentingprofiler.o
c:\users\hp\onedrive\desktop\freelancing\freelancer\selected projects\3. firmware for lpc1768\2. testing\visualgdb\local\lpc1768-gpio\embeddedproject11\visualgdb\debug\iocon_17xx_40xx.o
c:\users\hp\onedrive\desktop\freelancing\freelancer\selected projects\3. firmware for lpc1768\2. testing\visualgdb\local\lpc1768-gpio\embeddedproject11\visualgdb\debug\lcd_17xx_40xx.o
c:\users\hp\onedrive\desktop\freelancing\freelancer\selected projects\3. firmware for lpc1768\2. testing\visualgdb\local\lpc1768-gpio\embeddedproject11\visualgdb\debug\ledblink.o
c:\users\hp\onedrive\desktop\freelancing\freelancer\selected projects\3. firmware for lpc1768\2. testing\visualgdb\local\lpc1768-gpio\embeddedproject11\visualgdb\debug\original_cr_startup_lpc175x_6x.o
c:\users\hp\onedrive\desktop\freelancing\freelancer\selected projects\3. firmware for lpc1768\2. testing\visualgdb\local\lpc1768-gpio\embeddedproject11\visualgdb\debug\pmu_17xx_40xx.o
c:\users\hp\onedrive\desktop\freelancing\freelancer\selected projects\3. firmware for lpc1768\2. testing\visualgdb\local\lpc1768-gpio\embeddedproject11\visualgdb\debug\profilerrtos_freertos.o
c:\users\hp\onedrive\desktop\freelancing\freelancer\selected projects\3. firmware for lpc1768\2. testing\visualgdb\local\lpc1768-gpio\embeddedproject11\visualgdb\debug\ring_buffer.o
c:\users\hp\onedrive\desktop\freelancing\freelancer\selected projects\3. firmware for lpc1768\2. testing\visualgdb\local\lpc1768-gpio\embeddedproject11\visualgdb\debug\ritimer_17xx_40xx.o
c:\users\hp\onedrive\desktop\freelancing\freelancer\selected projects\3. firmware for lpc1768\2. testing\visualgdb\local\lpc1768-gpio\embeddedproject11\visualgdb\debug\rtc_17xx_40xx.o
c:\users\hp\onedrive\desktop\freelancing\freelancer\selected projects\3. firmware for lpc1768\2. testing\visualgdb\local\lpc1768-gpio\embeddedproject11\visualgdb\debug\samplingprofiler.o
c:\users\hp\onedrive\desktop\freelancing\freelancer\selected projects\3. firmware for lpc1768\2. testing\visualgdb\local\lpc1768-gpio\embeddedproject11\visualgdb\debug\sdc_17xx_40xx.o
c:\users\hp\onedrive\desktop\freelancing\freelancer\selected projects\3. firmware for lpc1768\2. testing\visualgdb\local\lpc1768-gpio\embeddedproject11\visualgdb\debug\sdmmc_17xx_40xx.o
c:\users\hp\onedrive\desktop\freelancing\freelancer\selected projects\3. firmware for lpc1768\2. testing\visualgdb\local\lpc1768-gpio\embeddedproject11\visualgdb\debug\spi_17xx_40xx.o
c:\users\hp\onedrive\desktop\freelancing\freelancer\selected projects\3. firmware for lpc1768\2. testing\visualgdb\local\lpc1768-gpio\embeddedproject11\visualgdb\debug\ssp_17xx_40xx.o
c:\users\hp\onedrive\desktop\freelancing\freelancer\selected projects\3. firmware for lpc1768\2. testing\visualgdb\local\lpc1768-gpio\embeddedproject11\visualgdb\debug\startup.o
c:\users\hp\onedrive\desktop\freelancing\freelancer\selected projects\3. firmware for lpc1768\2. testing\visualgdb\local\lpc1768-gpio\embeddedproject11\visualgdb\debug\stopwatch_17xx_40xx.o
c:\users\hp\onedrive\desktop\freelancing\freelancer\selected projects\3. firmware for lpc1768\2. testing\visualgdb\local\lpc1768-gpio\embeddedproject11\visualgdb\debug\sysctl_17xx_40xx.o
c:\users\hp\onedrive\desktop\freelancing\freelancer\selected projects\3. firmware for lpc1768\2. testing\visualgdb\local\lpc1768-gpio\embeddedproject11\visualgdb\debug\sysinit_17xx_40xx.o
c:\users\hp\onedrive\desktop\freelancing\freelancer\selected projects\3. firmware for lpc1768\2. testing\visualgdb\local\lpc1768-gpio\embeddedproject11\visualgdb\debug\testresourcemanager.o
c:\users\hp\onedrive\desktop\freelancing\freelancer\selected projects\3. firmware for lpc1768\2. testing\visualgdb\local\lpc1768-gpio\embeddedproject11\visualgdb\debug\timer_17xx_40xx.o
c:\users\hp\onedrive\desktop\freelancing\freelancer\selected projects\3. firmware for lpc1768\2. testing\visualgdb\local\lpc1768-gpio\embeddedproject11\visualgdb\debug\uart_17xx_40xx.o
c:\users\hp\onedrive\desktop\freelancing\freelancer\selected projects\3. firmware for lpc1768\2. testing\visualgdb\local\lpc1768-gpio\embeddedproject11\visualgdb\debug\wwdt_17xx_40xx.o
c:\users\hp\onedrive\desktop\freelancing\freelancer\selected projects\3. firmware for lpc1768\2. testing\visualgdb\local\lpc1768-gpio\embeddedproject11\visualgdb\debug\adc_17xx_40xx.dep
c:\users\hp\onedrive\desktop\freelancing\freelancer\selected projects\3. firmware for lpc1768\2. testing\visualgdb\local\lpc1768-gpio\embeddedproject11\visualgdb\debug\can_17xx_40xx.dep
c:\users\hp\onedrive\desktop\freelancing\freelancer\selected projects\3. firmware for lpc1768\2. testing\visualgdb\local\lpc1768-gpio\embeddedproject11\visualgdb\debug\chip_17xx_40xx.dep
c:\users\hp\onedrive\desktop\freelancing\freelancer\selected projects\3. firmware for lpc1768\2. testing\visualgdb\local\lpc1768-gpio\embeddedproject11\visualgdb\debug\clock_17xx_40xx.dep
c:\users\hp\onedrive\desktop\freelancing\freelancer\selected projects\3. firmware for lpc1768\2. testing\visualgdb\local\lpc1768-gpio\embeddedproject11\visualgdb\debug\cmp_17xx_40xx.dep
c:\users\hp\onedrive\desktop\freelancing\freelancer\selected projects\3. firmware for lpc1768\2. testing\visualgdb\local\lpc1768-gpio\embeddedproject11\visualgdb\debug\crc_17xx_40xx.dep
c:\users\hp\onedrive\desktop\freelancing\freelancer\selected projects\3. firmware for lpc1768\2. testing\visualgdb\local\lpc1768-gpio\embeddedproject11\visualgdb\debug\dac_17xx_40xx.dep
c:\users\hp\onedrive\desktop\freelancing\freelancer\selected projects\3. firmware for lpc1768\2. testing\visualgdb\local\lpc1768-gpio\embeddedproject11\visualgdb\debug\eeprom.dep
c:\users\hp\onedrive\desktop\freelancing\freelancer\selected projects\3. firmware for lpc1768\2. testing\visualgdb\local\lpc1768-gpio\embeddedproject11\visualgdb\debug\eeprom_17xx_40xx.dep
c:\users\hp\onedrive\desktop\freelancing\freelancer\selected projects\3. firmware for lpc1768\2. testing\visualgdb\local\lpc1768-gpio\embeddedproject11\visualgdb\debug\emc_17xx_40xx.dep
c:\users\hp\onedrive\desktop\freelancing\freelancer\selected projects\3. firmware for lpc1768\2. testing\visualgdb\local\lpc1768-gpio\embeddedproject11\visualgdb\debug\enet_17xx_40xx.dep
c:\users\hp\onedrive\desktop\freelancing\freelancer\selected projects\3. firmware for lpc1768\2. testing\visualgdb\local\lpc1768-gpio\embeddedproject11\visualgdb\debug\fastsemihosting.dep
c:\users\hp\onedrive\desktop\freelancing\freelancer\selected projects\3. firmware for lpc1768\2. testing\visualgdb\local\lpc1768-gpio\embeddedproject11\visualgdb\debug\fpu_init.dep
c:\users\hp\onedrive\desktop\freelancing\freelancer\selected projects\3. firmware for lpc1768\2. testing\visualgdb\local\lpc1768-gpio\embeddedproject11\visualgdb\debug\gpdma_17xx_40xx.dep
c:\users\hp\onedrive\desktop\freelancing\freelancer\selected projects\3. firmware for lpc1768\2. testing\visualgdb\local\lpc1768-gpio\embeddedproject11\visualgdb\debug\gpioint_17xx_40xx.dep
c:\users\hp\onedrive\desktop\freelancing\freelancer\selected projects\3. firmware for lpc1768\2. testing\visualgdb\local\lpc1768-gpio\embeddedproject11\visualgdb\debug\gpio_17xx_40xx.dep
c:\users\hp\onedrive\desktop\freelancing\freelancer\selected projects\3. firmware for lpc1768\2. testing\visualgdb\local\lpc1768-gpio\embeddedproject11\visualgdb\debug\i2c_17xx_40xx.dep
c:\users\hp\onedrive\desktop\freelancing\freelancer\selected projects\3. firmware for lpc1768\2. testing\visualgdb\local\lpc1768-gpio\embeddedproject11\visualgdb\debug\i2s_17xx_40xx.dep
c:\users\hp\onedrive\desktop\freelancing\freelancer\selected projects\3. firmware for lpc1768\2. testing\visualgdb\local\lpc1768-gpio\embeddedproject11\visualgdb\debug\iap.dep
c:\users\hp\onedrive\desktop\freelancing\freelancer\selected projects\3. firmware for lpc1768\2. testing\visualgdb\local\lpc1768-gpio\embeddedproject11\visualgdb\debug\instrumentingprofiler.dep
c:\users\hp\onedrive\desktop\freelancing\freelancer\selected projects\3. firmware for lpc1768\2. testing\visualgdb\local\lpc1768-gpio\embeddedproject11\visualgdb\debug\iocon_17xx_40xx.dep
c:\users\hp\onedrive\desktop\freelancing\freelancer\selected projects\3. firmware for lpc1768\2. testing\visualgdb\local\lpc1768-gpio\embeddedproject11\visualgdb\debug\lcd_17xx_40xx.dep
c:\users\hp\onedrive\desktop\freelancing\freelancer\selected projects\3. firmware for lpc1768\2. testing\visualgdb\local\lpc1768-gpio\embeddedproject11\visualgdb\debug\ledblink.dep
c:\users\hp\onedrive\desktop\freelancing\freelancer\selected projects\3. firmware for lpc1768\2. testing\visualgdb\local\lpc1768-gpio\embeddedproject11\visualgdb\debug\original_cr_startup_lpc175x_6x.dep
c:\users\hp\onedrive\desktop\freelancing\freelancer\selected projects\3. firmware for lpc1768\2. testing\visualgdb\local\lpc1768-gpio\embeddedproject11\visualgdb\debug\pmu_17xx_40xx.dep
c:\users\hp\onedrive\desktop\freelancing\freelancer\selected projects\3. firmware for lpc1768\2. testing\visualgdb\local\lpc1768-gpio\embeddedproject11\visualgdb\debug\profilerrtos_freertos.dep
c:\users\hp\onedrive\desktop\freelancing\freelancer\selected projects\3. firmware for lpc1768\2. testing\visualgdb\local\lpc1768-gpio\embeddedproject11\visualgdb\debug\ring_buffer.dep
c:\users\hp\onedrive\desktop\freelancing\freelancer\selected projects\3. firmware for lpc1768\2. testing\visualgdb\local\lpc1768-gpio\embeddedproject11\visualgdb\debug\ritimer_17xx_40xx.dep
c:\users\hp\onedrive\desktop\freelancing\freelancer\selected projects\3. firmware for lpc1768\2. testing\visualgdb\local\lpc1768-gpio\embeddedproject11\visualgdb\debug\rtc_17xx_40xx.dep
c:\users\hp\onedrive\desktop\freelancing\freelancer\selected projects\3. firmware for lpc1768\2. testing\visualgdb\local\lpc1768-gpio\embeddedproject11\visualgdb\debug\samplingprofiler.dep
c:\users\hp\onedrive\desktop\freelancing\freelancer\selected projects\3. firmware for lpc1768\2. testing\visualgdb\local\lpc1768-gpio\embeddedproject11\visualgdb\debug\sdc_17xx_40xx.dep
c:\users\hp\onedrive\desktop\freelancing\freelancer\selected projects\3. firmware for lpc1768\2. testing\visualgdb\local\lpc1768-gpio\embeddedproject11\visualgdb\debug\sdmmc_17xx_40xx.dep
c:\users\hp\onedrive\desktop\freelancing\freelancer\selected projects\3. firmware for lpc1768\2. testing\visualgdb\local\lpc1768-gpio\embeddedproject11\visualgdb\debug\spi_17xx_40xx.dep
c:\users\hp\onedrive\desktop\freelancing\freelancer\selected projects\3. firmware for lpc1768\2. testing\visualgdb\local\lpc1768-gpio\embeddedproject11\visualgdb\debug\ssp_17xx_40xx.dep
c:\users\hp\onedrive\desktop\freelancing\freelancer\selected projects\3. firmware for lpc1768\2. testing\visualgdb\local\lpc1768-gpio\embeddedproject11\visualgdb\debug\startup.dep
c:\users\hp\onedrive\desktop\freelancing\freelancer\selected projects\3. firmware for lpc1768\2. testing\visualgdb\local\lpc1768-gpio\embeddedproject11\visualgdb\debug\stopwatch_17xx_40xx.dep
c:\users\hp\onedrive\desktop\freelancing\freelancer\selected projects\3. firmware for lpc1768\2. testing\visualgdb\local\lpc1768-gpio\embeddedproject11\visualgdb\debug\sysctl_17xx_40xx.dep
c:\users\hp\onedrive\desktop\freelancing\freelancer\selected projects\3. firmware for lpc1768\2. testing\visualgdb\local\lpc1768-gpio\embeddedproject11\visualgdb\debug\sysinit_17xx_40xx.dep
c:\users\hp\onedrive\desktop\freelancing\freelancer\selected projects\3. firmware for lpc1768\2. testing\visualgdb\local\lpc1768-gpio\embeddedproject11\visualgdb\debug\testresourcemanager.dep
c:\users\hp\onedrive\desktop\freelancing\freelancer\selected projects\3. firmware for lpc1768\2. testing\visualgdb\local\lpc1768-gpio\embeddedproject11\visualgdb\debug\timer_17xx_40xx.dep
c:\users\hp\onedrive\desktop\freelancing\freelancer\selected projects\3. firmware for lpc1768\2. testing\visualgdb\local\lpc1768-gpio\embeddedproject11\visualgdb\debug\uart_17xx_40xx.dep
c:\users\hp\onedrive\desktop\freelancing\freelancer\selected projects\3. firmware for lpc1768\2. testing\visualgdb\local\lpc1768-gpio\embeddedproject11\visualgdb\debug\wwdt_17xx_40xx.dep
c:\users\hp\onedrive\desktop\freelancing\freelancer\selected projects\3. firmware for lpc1768\2. testing\visualgdb\local\lpc1768-gpio\embeddedproject11\visualgdb\debug\embeddedproject11.link.rsp
c:\users\hp\onedrive\desktop\freelancing\freelancer\selected projects\3. firmware for lpc1768\2. testing\visualgdb\local\lpc1768-gpio\embeddedproject11\visualgdb\debug\embeddedproject11.bin
c:\users\hp\onedrive\desktop\freelancing\freelancer\selected projects\3. firmware for lpc1768\2. testing\visualgdb\local\lpc1768-gpio\embeddedproject11\visualgdb\debug\embeddedproject11.map
c:\users\hp\onedrive\desktop\freelancing\freelancer\selected projects\3. firmware for lpc1768\2. testing\visualgdb\local\lpc1768-gpio\embeddedproject11\visualgdb\debug\embeddedproject11.alldeps
c:\users\hp\onedrive\desktop\freelancing\freelancer\selected projects\3. firmware for lpc1768\2. testing\visualgdb\local\lpc1768-gpio\embeddedproject11\visualgdb\debug\embeddedproject11
c:\users\hp\onedrive\desktop\freelancing\freelancer\selected projects\3. firmware for lpc1768\2. testing\visualgdb\local\lpc1768-gpio\embeddedproject11\visualgdb\debug\adc_17xx_40xx.gcc.rsp
c:\users\hp\onedrive\desktop\freelancing\freelancer\selected projects\3. firmware for lpc1768\2. testing\visualgdb\local\lpc1768-gpio\embeddedproject11\visualgdb\debug\can_17xx_40xx.gcc.rsp
c:\users\hp\onedrive\desktop\freelancing\freelancer\selected projects\3. firmware for lpc1768\2. testing\visualgdb\local\lpc1768-gpio\embeddedproject11\visualgdb\debug\chip_17xx_40xx.gcc.rsp
c:\users\hp\onedrive\desktop\freelancing\freelancer\selected projects\3. firmware for lpc1768\2. testing\visualgdb\local\lpc1768-gpio\embeddedproject11\visualgdb\debug\clock_17xx_40xx.gcc.rsp
c:\users\hp\onedrive\desktop\freelancing\freelancer\selected projects\3. firmware for lpc1768\2. testing\visualgdb\local\lpc1768-gpio\embeddedproject11\visualgdb\debug\cmp_17xx_40xx.gcc.rsp
c:\users\hp\onedrive\desktop\freelancing\freelancer\selected projects\3. firmware for lpc1768\2. testing\visualgdb\local\lpc1768-gpio\embeddedproject11\visualgdb\debug\crc_17xx_40xx.gcc.rsp
c:\users\hp\onedrive\desktop\freelancing\freelancer\selected projects\3. firmware for lpc1768\2. testing\visualgdb\local\lpc1768-gpio\embeddedproject11\visualgdb\debug\dac_17xx_40xx.gcc.rsp
c:\users\hp\onedrive\desktop\freelancing\freelancer\selected projects\3. firmware for lpc1768\2. testing\visualgdb\local\lpc1768-gpio\embeddedproject11\visualgdb\debug\eeprom.gcc.rsp
c:\users\hp\onedrive\desktop\freelancing\freelancer\selected projects\3. firmware for lpc1768\2. testing\visualgdb\local\lpc1768-gpio\embeddedproject11\visualgdb\debug\eeprom_17xx_40xx.gcc.rsp
c:\users\hp\onedrive\desktop\freelancing\freelancer\selected projects\3. firmware for lpc1768\2. testing\visualgdb\local\lpc1768-gpio\embeddedproject11\visualgdb\debug\embeddedproject11.mkbin.rsp
c:\users\hp\onedrive\desktop\freelancing\freelancer\selected projects\3. firmware for lpc1768\2. testing\visualgdb\local\lpc1768-gpio\embeddedproject11\visualgdb\debug\embeddedproject11.mkihex.rsp
c:\users\hp\onedrive\desktop\freelancing\freelancer\selected projects\3. firmware for lpc1768\2. testing\visualgdb\local\lpc1768-gpio\embeddedproject11\visualgdb\debug\emc_17xx_40xx.gcc.rsp
c:\users\hp\onedrive\desktop\freelancing\freelancer\selected projects\3. firmware for lpc1768\2. testing\visualgdb\local\lpc1768-gpio\embeddedproject11\visualgdb\debug\enet_17xx_40xx.gcc.rsp
c:\users\hp\onedrive\desktop\freelancing\freelancer\selected projects\3. firmware for lpc1768\2. testing\visualgdb\local\lpc1768-gpio\embeddedproject11\visualgdb\debug\fastsemihosting.gcc.rsp
c:\users\hp\onedrive\desktop\freelancing\freelancer\selected projects\3. firmware for lpc1768\2. testing\visualgdb\local\lpc1768-gpio\embeddedproject11\visualgdb\debug\fpu_init.gcc.rsp
c:\users\hp\onedrive\desktop\freelancing\freelancer\selected projects\3. firmware for lpc1768\2. testing\visualgdb\local\lpc1768-gpio\embeddedproject11\visualgdb\debug\gpdma_17xx_40xx.gcc.rsp
c:\users\hp\onedrive\desktop\freelancing\freelancer\selected projects\3. firmware for lpc1768\2. testing\visualgdb\local\lpc1768-gpio\embeddedproject11\visualgdb\debug\gpioint_17xx_40xx.gcc.rsp
c:\users\hp\onedrive\desktop\freelancing\freelancer\selected projects\3. firmware for lpc1768\2. testing\visualgdb\local\lpc1768-gpio\embeddedproject11\visualgdb\debug\gpio_17xx_40xx.gcc.rsp
c:\users\hp\onedrive\desktop\freelancing\freelancer\selected projects\3. firmware for lpc1768\2. testing\visualgdb\local\lpc1768-gpio\embeddedproject11\visualgdb\debug\i2c_17xx_40xx.gcc.rsp
c:\users\hp\onedrive\desktop\freelancing\freelancer\selected projects\3. firmware for lpc1768\2. testing\visualgdb\local\lpc1768-gpio\embeddedproject11\visualgdb\debug\i2s_17xx_40xx.gcc.rsp
c:\users\hp\onedrive\desktop\freelancing\freelancer\selected projects\3. firmware for lpc1768\2. testing\visualgdb\local\lpc1768-gpio\embeddedproject11\visualgdb\debug\iap.gcc.rsp
c:\users\hp\onedrive\desktop\freelancing\freelancer\selected projects\3. firmware for lpc1768\2. testing\visualgdb\local\lpc1768-gpio\embeddedproject11\visualgdb\debug\instrumentingprofiler.gcc.rsp
c:\users\hp\onedrive\desktop\freelancing\freelancer\selected projects\3. firmware for lpc1768\2. testing\visualgdb\local\lpc1768-gpio\embeddedproject11\visualgdb\debug\iocon_17xx_40xx.gcc.rsp
c:\users\hp\onedrive\desktop\freelancing\freelancer\selected projects\3. firmware for lpc1768\2. testing\visualgdb\local\lpc1768-gpio\embeddedproject11\visualgdb\debug\lcd_17xx_40xx.gcc.rsp
c:\users\hp\onedrive\desktop\freelancing\freelancer\selected projects\3. firmware for lpc1768\2. testing\visualgdb\local\lpc1768-gpio\embeddedproject11\visualgdb\debug\ledblink.gcc.rsp
c:\users\hp\onedrive\desktop\freelancing\freelancer\selected projects\3. firmware for lpc1768\2. testing\visualgdb\local\lpc1768-gpio\embeddedproject11\visualgdb\debug\original_cr_startup_lpc175x_6x.gcc.rsp
c:\users\hp\onedrive\desktop\freelancing\freelancer\selected projects\3. firmware for lpc1768\2. testing\visualgdb\local\lpc1768-gpio\embeddedproject11\visualgdb\debug\pmu_17xx_40xx.gcc.rsp
c:\users\hp\onedrive\desktop\freelancing\freelancer\selected projects\3. firmware for lpc1768\2. testing\visualgdb\local\lpc1768-gpio\embeddedproject11\visualgdb\debug\preprocessedlinkerscript.e.rsp
c:\users\hp\onedrive\desktop\freelancing\freelancer\selected projects\3. firmware for lpc1768\2. testing\visualgdb\local\lpc1768-gpio\embeddedproject11\visualgdb\debug\profilerrtos_freertos.gcc.rsp
c:\users\hp\onedrive\desktop\freelancing\freelancer\selected projects\3. firmware for lpc1768\2. testing\visualgdb\local\lpc1768-gpio\embeddedproject11\visualgdb\debug\ring_buffer.gcc.rsp
c:\users\hp\onedrive\desktop\freelancing\freelancer\selected projects\3. firmware for lpc1768\2. testing\visualgdb\local\lpc1768-gpio\embeddedproject11\visualgdb\debug\ritimer_17xx_40xx.gcc.rsp
c:\users\hp\onedrive\desktop\freelancing\freelancer\selected projects\3. firmware for lpc1768\2. testing\visualgdb\local\lpc1768-gpio\embeddedproject11\visualgdb\debug\rtc_17xx_40xx.gcc.rsp
c:\users\hp\onedrive\desktop\freelancing\freelancer\selected projects\3. firmware for lpc1768\2. testing\visualgdb\local\lpc1768-gpio\embeddedproject11\visualgdb\debug\samplingprofiler.gcc.rsp
c:\users\hp\onedrive\desktop\freelancing\freelancer\selected projects\3. firmware for lpc1768\2. testing\visualgdb\local\lpc1768-gpio\embeddedproject11\visualgdb\debug\sdc_17xx_40xx.gcc.rsp
c:\users\hp\onedrive\desktop\freelancing\freelancer\selected projects\3. firmware for lpc1768\2. testing\visualgdb\local\lpc1768-gpio\embeddedproject11\visualgdb\debug\sdmmc_17xx_40xx.gcc.rsp
c:\users\hp\onedrive\desktop\freelancing\freelancer\selected projects\3. firmware for lpc1768\2. testing\visualgdb\local\lpc1768-gpio\embeddedproject11\visualgdb\debug\spi_17xx_40xx.gcc.rsp
c:\users\hp\onedrive\desktop\freelancing\freelancer\selected projects\3. firmware for lpc1768\2. testing\visualgdb\local\lpc1768-gpio\embeddedproject11\visualgdb\debug\ssp_17xx_40xx.gcc.rsp
c:\users\hp\onedrive\desktop\freelancing\freelancer\selected projects\3. firmware for lpc1768\2. testing\visualgdb\local\lpc1768-gpio\embeddedproject11\visualgdb\debug\startup.gcc.rsp
c:\users\hp\onedrive\desktop\freelancing\freelancer\selected projects\3. firmware for lpc1768\2. testing\visualgdb\local\lpc1768-gpio\embeddedproject11\visualgdb\debug\stopwatch_17xx_40xx.gcc.rsp
c:\users\hp\onedrive\desktop\freelancing\freelancer\selected projects\3. firmware for lpc1768\2. testing\visualgdb\local\lpc1768-gpio\embeddedproject11\visualgdb\debug\sysctl_17xx_40xx.gcc.rsp
c:\users\hp\onedrive\desktop\freelancing\freelancer\selected projects\3. firmware for lpc1768\2. testing\visualgdb\local\lpc1768-gpio\embeddedproject11\visualgdb\debug\sysinit_17xx_40xx.gcc.rsp
c:\users\hp\onedrive\desktop\freelancing\freelancer\selected projects\3. firmware for lpc1768\2. testing\visualgdb\local\lpc1768-gpio\embeddedproject11\visualgdb\debug\testresourcemanager.gcc.rsp
c:\users\hp\onedrive\desktop\freelancing\freelancer\selected projects\3. firmware for lpc1768\2. testing\visualgdb\local\lpc1768-gpio\embeddedproject11\visualgdb\debug\timer_17xx_40xx.gcc.rsp
c:\users\hp\onedrive\desktop\freelancing\freelancer\selected projects\3. firmware for lpc1768\2. testing\visualgdb\local\lpc1768-gpio\embeddedproject11\visualgdb\debug\uart_17xx_40xx.gcc.rsp
c:\users\hp\onedrive\desktop\freelancing\freelancer\selected projects\3. firmware for lpc1768\2. testing\visualgdb\local\lpc1768-gpio\embeddedproject11\visualgdb\debug\wwdt_17xx_40xx.gcc.rsp
